<?xml version="1.0" encoding="UTF-8"?>
<testsuite name="org.hyperskill.ordersmenu.Stage2UnitTest" tests="4" skipped="0" failures="0" errors="0" timestamp="2023-09-15T08:12:17" hostname="WIN-PK97IO7J39D" time="1.158">
  <properties/>
  <testcase name="test00_checkTitle" classname="org.hyperskill.ordersmenu.Stage2UnitTest" time="0.422"/>
  <testcase name="test01_checkFettuccine" classname="org.hyperskill.ordersmenu.Stage2UnitTest" time="0.289"/>
  <testcase name="test02_checkTitleIsAboveFettuccine" classname="org.hyperskill.ordersmenu.Stage2UnitTest" time="0.219"/>
  <testcase name="test03_checkOverlap" classname="org.hyperskill.ordersmenu.Stage2UnitTest" time="0.227"/>
  <system-out><![CDATA[newOrders[Fettuccine]!!.toInt() = 0
menuMap.value[Fettuccine]!!.toInt() = 5
false
newOrders.value[Fettuccine].toString() = 0
newOrders[Risotto]!!.toInt() = 0
menuMap.value[Risotto]!!.toInt() = 6
false
newOrders.value[Risotto].toString() = 0
newOrders[Gnocchi]!!.toInt() = 0
menuMap.value[Gnocchi]!!.toInt() = 4
false
newOrders.value[Gnocchi].toString() = 0
newOrders[Spaghetti]!!.toInt() = 0
menuMap.value[Spaghetti]!!.toInt() = 3
false
newOrders.value[Spaghetti].toString() = 0
newOrders[Lasagna]!!.toInt() = 0
menuMap.value[Lasagna]!!.toInt() = 5
false
newOrders.value[Lasagna].toString() = 0
newOrders[Steak Parmigiana]!!.toInt() = 0
menuMap.value[Steak Parmigiana]!!.toInt() = 2
false
newOrders.value[Steak Parmigiana].toString() = 0
newOrders[Fettuccine]!!.toInt() = 0
menuMap.value[Fettuccine]!!.toInt() = 5
false
newOrders.value[Fettuccine].toString() = 0
newOrders[Risotto]!!.toInt() = 0
menuMap.value[Risotto]!!.toInt() = 6
false
newOrders.value[Risotto].toString() = 0
newOrders[Gnocchi]!!.toInt() = 0
menuMap.value[Gnocchi]!!.toInt() = 4
false
newOrders.value[Gnocchi].toString() = 0
newOrders[Spaghetti]!!.toInt() = 0
menuMap.value[Spaghetti]!!.toInt() = 3
false
newOrders.value[Spaghetti].toString() = 0
newOrders[Lasagna]!!.toInt() = 0
menuMap.value[Lasagna]!!.toInt() = 5
false
newOrders.value[Lasagna].toString() = 0
newOrders[Steak Parmigiana]!!.toInt() = 0
menuMap.value[Steak Parmigiana]!!.toInt() = 2
false
newOrders.value[Steak Parmigiana].toString() = 0
newOrders[Fettuccine]!!.toInt() = 0
menuMap.value[Fettuccine]!!.toInt() = 5
false
newOrders.value[Fettuccine].toString() = 0
newOrders[Risotto]!!.toInt() = 0
menuMap.value[Risotto]!!.toInt() = 6
false
newOrders.value[Risotto].toString() = 0
newOrders[Gnocchi]!!.toInt() = 0
menuMap.value[Gnocchi]!!.toInt() = 4
false
newOrders.value[Gnocchi].toString() = 0
newOrders[Spaghetti]!!.toInt() = 0
menuMap.value[Spaghetti]!!.toInt() = 3
false
newOrders.value[Spaghetti].toString() = 0
newOrders[Lasagna]!!.toInt() = 0
menuMap.value[Lasagna]!!.toInt() = 5
false
newOrders.value[Lasagna].toString() = 0
newOrders[Steak Parmigiana]!!.toInt() = 0
menuMap.value[Steak Parmigiana]!!.toInt() = 2
false
newOrders.value[Steak Parmigiana].toString() = 0
newOrders[Fettuccine]!!.toInt() = 0
menuMap.value[Fettuccine]!!.toInt() = 5
false
newOrders.value[Fettuccine].toString() = 0
newOrders[Risotto]!!.toInt() = 0
menuMap.value[Risotto]!!.toInt() = 6
false
newOrders.value[Risotto].toString() = 0
newOrders[Gnocchi]!!.toInt() = 0
menuMap.value[Gnocchi]!!.toInt() = 4
false
newOrders.value[Gnocchi].toString() = 0
newOrders[Spaghetti]!!.toInt() = 0
menuMap.value[Spaghetti]!!.toInt() = 3
false
newOrders.value[Spaghetti].toString() = 0
newOrders[Lasagna]!!.toInt() = 0
menuMap.value[Lasagna]!!.toInt() = 5
false
newOrders.value[Lasagna].toString() = 0
newOrders[Steak Parmigiana]!!.toInt() = 0
menuMap.value[Steak Parmigiana]!!.toInt() = 2
false
newOrders.value[Steak Parmigiana].toString() = 0
]]></system-out>
  <system-err><![CDATA[]]></system-err>
</testsuite>
